This is e-pTeX, Version 3.141592653-p3.9.0-210218-2.6 (utf8.euc) (TeX Live 2021) (preloaded format=platex 2022.2.2)  27 JAN 2023 08:07
entering extended mode
 restricted \write18 enabled.
 %&-line parsing enabled.
**/workdir/main.tex
(/workdir/main.tex
pLaTeX2e <2021-11-15> (based on LaTeX2e <2021-11-15> patch level 1)
L3 programming layer <2022-01-21>
(/usr/local/texlive/2021/texmf-dist/tex/platex/base/jreport.cls
Document Class: jreport 2020/09/30 v1.8f Standard pLaTeX class
\c@@paper=\count184
(/usr/local/texlive/2021/texmf-dist/tex/platex/base/jsize12.clo
File: jsize12.clo 2020/09/30 v1.8f Standard pLaTeX file (size option)
)
\c@part=\count185
\c@chapter=\count186
\c@section=\count187
\c@subsection=\count188
\c@subsubsection=\count189
\c@paragraph=\count190
\c@subparagraph=\count191
\c@figure=\count192
\c@table=\count193
\abovecaptionskip=\skip47
\belowcaptionskip=\skip48
\symmincho=\mathgroup4
LaTeX Font Info:    Overwriting symbol font `mincho' in version `bold'
(Font)                  JY1/mc/m/n --> JY1/gt/m/n on input line 704.
\toclineskip=\dimen154
\@lnumwidth=\dimen155
\bibindent=\dimen156
\heisei=\count194
)
(/usr/local/texlive/2021/texmf-dist/tex/latex/ascmac/ascmac.sty
Package: ascmac 2020/01/15 v2.1 ascmac wrapper (community edition) 

(/usr/local/texlive/2021/texmf-dist/tex/latex/ascmac/tascmac.sty
Package: tascmac 2020/01/15 v2.1 ascmac package (community edition) 
\@savetbaselineshift=\dimen157
\@saveybaselineshift=\dimen158
\scb@x=\box67
\scscb@x=\box68
\@bw=\dimen159
\@nbox=\box69
\@nbody=\box70
\@scw=\dimen160
\ascmac@hoboxa=\box71
\ascmac@hoboxb=\box72
\@itemh=\dimen161
\@iboxpos=\toks17
\@iboxstr=\box73
\@bwsp=\box74
\@@bwsp=\box75
\@bcal=\count195
\shaderule=\dimen162
))
(/usr/local/texlive/2021/texmf-dist/tex/latex/graphics/graphicx.sty
Package: graphicx 2021/09/16 v1.2d Enhanced LaTeX Graphics (DPC,SPQR)

(/usr/local/texlive/2021/texmf-dist/tex/latex/graphics/keyval.sty
Package: keyval 2014/10/28 v1.15 key=value parser (DPC)
\KV@toks@=\toks18
)
(/usr/local/texlive/2021/texmf-dist/tex/latex/graphics/graphics.sty
Package: graphics 2021/03/04 v1.4d Standard LaTeX Graphics (DPC,SPQR)

(/usr/local/texlive/2021/texmf-dist/tex/latex/graphics/trig.sty
Package: trig 2021/08/11 v1.11 sin cos tan (DPC)
)
(/usr/local/texlive/2021/texmf-dist/tex/latex/graphics-cfg/graphics.cfg
File: graphics.cfg 2016/06/04 v1.11 sample graphics configuration
)
Package graphics Info: Driver file: dvipdfmx.def on input line 107.

(/usr/local/texlive/2021/texmf-dist/tex/latex/graphics-def/dvipdfmx.def
File: dvipdfmx.def 2021/03/18 v5.0j Graphics/color driver for dvipdfmx
))
\Gin@req@height=\dimen163
\Gin@req@width=\dimen164
)
(/usr/local/texlive/2021/texmf-dist/tex/latex/multirow/multirow.sty
Package: multirow 2021/03/15 v2.8 Span multiple rows of a table
\multirow@colwidth=\skip49
\multirow@cntb=\count196
\multirow@dima=\skip50
\bigstrutjot=\dimen165
)
(./ylab_thesis.sty)
(/usr/local/texlive/2021/texmf-dist/tex/latex/tools/layout.sty
Package: layout 2021-03-10 v1.2e Show layout parameters
\oneinch=\count197
\cnt@paperwidth=\count198
\cnt@paperheight=\count199
\cnt@hoffset=\count266
\cnt@voffset=\count267
\cnt@textheight=\count268
\cnt@textwidth=\count269
\cnt@topmargin=\count270
\cnt@oddsidemargin=\count271
\cnt@evensidemargin=\count272
\cnt@headheight=\count273
\cnt@headsep=\count274
\cnt@marginparsep=\count275
\cnt@marginparwidth=\count276
\cnt@marginparpush=\count277
\cnt@footskip=\count278
\fheight=\count279
\ref@top=\count280
\ref@hoffset=\count281
\ref@voffset=\count282
\ref@head=\count283
\ref@body=\count284
\ref@foot=\count285
\ref@margin=\count286
\ref@marginwidth=\count287
\ref@marginpar=\count288
\Interval=\count289
\ExtraYPos=\count290
\PositionX=\count291
\PositionY=\count292
\ArrowLength=\count293
)
(/usr/local/texlive/2021/texmf-dist/tex/latex/amsmath/amsmath.sty
Package: amsmath 2021/10/15 v2.17l AMS math features
\@mathmargin=\skip51

For additional information on amsmath, use the `?' option.
(/usr/local/texlive/2021/texmf-dist/tex/latex/amsmath/amstext.sty
Package: amstext 2021/08/26 v2.01 AMS text

(/usr/local/texlive/2021/texmf-dist/tex/latex/amsmath/amsgen.sty
File: amsgen.sty 1999/11/30 v2.0 generic functions
\@emptytoks=\toks19
\ex@=\dimen166
))
(/usr/local/texlive/2021/texmf-dist/tex/latex/amsmath/amsbsy.sty
Package: amsbsy 1999/11/29 v1.2d Bold Symbols
\pmbraise@=\dimen167
)
(/usr/local/texlive/2021/texmf-dist/tex/latex/amsmath/amsopn.sty
Package: amsopn 2021/08/26 v2.02 operator names
)
\inf@bad=\count294
LaTeX Info: Redefining \frac on input line 234.
\uproot@=\count295
\leftroot@=\count296
LaTeX Info: Redefining \overline on input line 399.
\classnum@=\count297
\DOTSCASE@=\count298
LaTeX Info: Redefining \ldots on input line 496.
LaTeX Info: Redefining \dots on input line 499.
LaTeX Info: Redefining \cdots on input line 620.
\Mathstrutbox@=\box76
\strutbox@=\box77
\big@size=\dimen168
LaTeX Font Info:    Redeclaring font encoding OML on input line 743.
LaTeX Font Info:    Redeclaring font encoding OMS on input line 744.
\macc@depth=\count299
\c@MaxMatrixCols=\count300
\dotsspace@=\muskip16
\c@parentequation=\count301
\dspbrk@lvl=\count302
\tag@help=\toks20
\row@=\count303
\column@=\count304
\maxfields@=\count305
\andhelp@=\toks21
\eqnshift@=\dimen169
\alignsep@=\dimen170
\tagshift@=\dimen171
\tagwidth@=\dimen172
\totwidth@=\dimen173
\lineht@=\dimen174
\@envbody=\toks22
\multlinegap=\skip52
\multlinetaggap=\skip53
\mathdisplay@stack=\toks23
LaTeX Info: Redefining \[ on input line 2938.
LaTeX Info: Redefining \] on input line 2939.
)
(/usr/local/texlive/2021/texmf-dist/tex/latex/amsfonts/amssymb.sty
Package: amssymb 2013/01/14 v3.01 AMS font symbols

(/usr/local/texlive/2021/texmf-dist/tex/latex/amsfonts/amsfonts.sty
Package: amsfonts 2013/01/14 v3.01 Basic AMSFonts support
\symAMSa=\mathgroup5
\symAMSb=\mathgroup6
LaTeX Font Info:    Redeclaring math symbol \hbar on input line 98.
LaTeX Font Info:    Overwriting math alphabet `\mathfrak' in version `bold'
(Font)                  U/euf/m/n --> U/euf/b/n on input line 106.
))
(/usr/local/texlive/2021/texmf-dist/tex/latex/mathtools/mathtools.sty
Package: mathtools 2021/04/12 v1.27 mathematical typesetting tools

(/usr/local/texlive/2021/texmf-dist/tex/latex/tools/calc.sty
Package: calc 2017/05/25 v4.3 Infix arithmetic (KKT,FJ)
\calc@Acount=\count306
\calc@Bcount=\count307
\calc@Adimen=\dimen175
\calc@Bdimen=\dimen176
\calc@Askip=\skip54
\calc@Bskip=\skip55
LaTeX Info: Redefining \setlength on input line 80.
LaTeX Info: Redefining \addtolength on input line 81.
\calc@Ccount=\count308
\calc@Cskip=\skip56
)
(/usr/local/texlive/2021/texmf-dist/tex/latex/mathtools/mhsetup.sty
Package: mhsetup 2021/03/18 v1.4 programming setup (MH)
)
LaTeX Info: Thecontrolsequence`\('isalreadyrobust on input line 130.
LaTeX Info: Thecontrolsequence`\)'isalreadyrobust on input line 130.
LaTeX Info: Thecontrolsequence`\['isalreadyrobust on input line 130.
LaTeX Info: Thecontrolsequence`\]'isalreadyrobust on input line 130.
\g_MT_multlinerow_int=\count309
\l_MT_multwidth_dim=\dimen177
\origjot=\skip57
\l_MT_shortvdotswithinadjustabove_dim=\dimen178
\l_MT_shortvdotswithinadjustbelow_dim=\dimen179
\l_MT_above_intertext_sep=\dimen180
\l_MT_below_intertext_sep=\dimen181
\l_MT_above_shortintertext_sep=\dimen182
\l_MT_below_shortintertext_sep=\dimen183
\xmathstrut@box=\box78
\xmathstrut@dim=\dimen184
)
(/usr/local/texlive/2021/texmf-dist/tex/latex/here/here.sty)
(/usr/local/texlive/2021/texmf-dist/tex/latex/float/float.sty
Package: float 2001/11/08 v1.3d Float enhancements (AL)
\c@float@type=\count310
\float@exts=\toks24
\float@box=\box79
\@float@everytoks=\toks25
\@floatcapt=\box80
)
(/usr/local/texlive/2021/texmf-dist/tex/latex/l3backend/l3backend-dvips.def
File: l3backend-dvips.def 2022-01-12 L3 backend support: dvips
\l__pdf_internal_box=\box81
\g__pdf_backend_object_int=\count311
\l__pdf_backend_content_box=\box82
\l__pdf_backend_model_box=\box83
\g__pdf_backend_annotation_int=\count312
\g__pdf_backend_link_int=\count313
\g__pdf_backend_link_sf_int=\count314
)
(./main.aux)
\openout1 = `main.aux'.

LaTeX Font Info:    Checking defaults for OML/cmm/m/it on input line 55.
LaTeX Font Info:    ... okay on input line 55.
LaTeX Font Info:    Checking defaults for OMS/cmsy/m/n on input line 55.
LaTeX Font Info:    ... okay on input line 55.
LaTeX Font Info:    Checking defaults for OT1/cmr/m/n on input line 55.
LaTeX Font Info:    ... okay on input line 55.
LaTeX Font Info:    Checking defaults for T1/cmr/m/n on input line 55.
LaTeX Font Info:    ... okay on input line 55.
LaTeX Font Info:    Checking defaults for TS1/cmr/m/n on input line 55.
LaTeX Font Info:    ... okay on input line 55.
LaTeX Font Info:    Checking defaults for OMX/cmex/m/n on input line 55.
LaTeX Font Info:    ... okay on input line 55.
LaTeX Font Info:    Checking defaults for U/cmr/m/n on input line 55.
LaTeX Font Info:    ... okay on input line 55.
LaTeX Font Info:    Checking defaults for JY1/mc/m/n on input line 55.
LaTeX Font Info:    ... okay on input line 55.
LaTeX Font Info:    Checking defaults for JT1/mc/m/n on input line 55.
LaTeX Font Info:    ... okay on input line 55.
LaTeX Font Info:    Font shape `JT1/mc/bx/n' in size <24.88> not available
(Font)              Font shape `JT1/gt/m/n' tried instead on input line 57.
LaTeX Font Info:    Font shape `JY1/mc/bx/n' in size <24.88> not available
(Font)              Font shape `JY1/gt/m/n' tried instead on input line 57.
 [1

]
LaTeX Font Info:    Font shape `JT1/mc/bx/n' in size <17.28> not available
(Font)              Font shape `JT1/gt/m/n' tried instead on input line 60.
LaTeX Font Info:    Font shape `JY1/mc/bx/n' in size <17.28> not available
(Font)              Font shape `JY1/gt/m/n' tried instead on input line 60.
LaTeX Font Info:    Font shape `JT1/mc/bx/n' in size <20.74> not available
(Font)              Font shape `JT1/gt/m/n' tried instead on input line 60.
LaTeX Font Info:    Font shape `JY1/mc/bx/n' in size <20.74> not available
(Font)              Font shape `JY1/gt/m/n' tried instead on input line 60.
LaTeX Font Info:    Trying to load font information for U+msa on input line 62.

 (/usr/local/texlive/2021/texmf-dist/tex/latex/amsfonts/umsa.fd
File: umsa.fd 2013/01/14 v3.01 AMS symbols A
)
LaTeX Font Info:    Trying to load font information for U+msb on input line 62.

 (/usr/local/texlive/2021/texmf-dist/tex/latex/amsfonts/umsb.fd
File: umsb.fd 2013/01/14 v3.01 AMS symbols B
)
LaTeX Font Info:    Font shape `JT1/mc/bx/n' in size <12> not available
(Font)              Font shape `JT1/gt/m/n' tried instead on input line 72.
LaTeX Font Info:    Font shape `JY1/mc/bx/n' in size <12> not available
(Font)              Font shape `JY1/gt/m/n' tried instead on input line 72.
 [1]
(./main.toc [2] [3])
\tf@toc=\write3
\openout3 = `main.toc'.

 [4] (./main.lof)
\tf@lof=\write4
\openout4 = `main.lof'.

 [5] (./main.lot)
\tf@lot=\write5
\openout5 = `main.lot'.

 [6]
第 1 章
[1

] [2] [3]
第 2 章
File: ./fig/radar_figure_trim.pdf Graphic file (type pdf)
<./fig/radar_figure_trim.pdf>
[4

] [5]
第 3 章

Overfull \hbox (11.60606pt too wide) in paragraph at lines 150--152
\JY1/mc/m/n/12 用いた \OT1/cmr/m/n/12 1 \JY1/mc/m/n/12 次元 \OT1/cmr/m/n/12 LST
M(Long Short Term Mem-ory) \JY1/mc/m/n/12 と \OT1/cmr/m/n/12 2 \JY1/mc/m/n/12 
次元 \OT1/cmr/m/n/12 CNN(Convolutional
 []

[6

]
Underfull \hbox (badness 10000) in paragraph at lines 169--169
[]\JY1/mc/m/n/12 動的セグメン
 []

[7] [8] [9]
第 4 章
LaTeX Font Info:    Font shape `JT1/mc/bx/n' in size <14.4> not available
(Font)              Font shape `JT1/gt/m/n' tried instead on input line 186.
LaTeX Font Info:    Font shape `JY1/mc/bx/n' in size <14.4> not available
(Font)              Font shape `JY1/gt/m/n' tried instead on input line 186.

Overfull \hbox (3.99983pt too wide) in paragraph at lines 187--190
[]\OT1/cmr/m/n/12 24 GHz?\JY1/mc/m/n/12 ド ッ プラ ーレ ーダを用いて取得した心
拍信号に対し ， \OT1/cmr/m/n/12 STFT(Short
 []

[10

] [11] [12] [13] [14]
第 5 章

LaTeX Warning: Citation `papar:Xing' on page 15 undefined on input line 263.

[15

]
File: ./fig/distance01.png Graphic file (type bmp)
<./fig/distance01.png>
 [16] [17]
File: ./fig/comparison_raw_wavelet_ID01.png Graphic file (type bmp)
<./fig/comparison_raw_wavelet_ID01.png>
 [18]
Overfull \hbox (2.00208pt too wide) in paragraph at lines 305--311
\JY1/mc/m/n/12 っ て学習が行われる ． 今回は時系列デ ータの学習に適した \OT1/cm
r/m/n/12 InceptionTime[[]]
 []

File: ./fig/InceptionTime.png Graphic file (type bmp)
<./fig/InceptionTime.png>
[19]
File: ./fig/proposed_method.pdf Graphic file (type pdf)
<./fig/proposed_method.pdf>
 [20] [21]
第 6 章
[22

] [23]
File: ./fig/radar_setting_clean.png Graphic file (type bmp)
<./fig/radar_setting_clean.png>
 [24]
File: ./fig/clean_dataset/cross_val_Fold0_close.png Graphic file (type bmp)
<./fig/clean_dataset/cross_val_Fold0_close.png>
 [25]
File: ./fig/clean_dataset/cross_val_Fold0_threshold0.8_15_15.png Graphic file (
type bmp)
<./fig/clean_dataset/cross_val_Fold0_threshold0.8_15_15.png>
 [26] [27] [28] [29]
File: ./fig/noisy_dataset/cross_val_Fold0_close.png Graphic file (type bmp)
<./fig/noisy_dataset/cross_val_Fold0_close.png>
 [30]
File: ./fig/noisy_dataset/cross_val_Fold0_threshold0.7_6_6.png Graphic file (ty
pe bmp)
<./fig/noisy_dataset/cross_val_Fold0_threshold0.7_6_6.png>
 [31] [32]
Overfull \hbox (37.92853pt too wide) in paragraph at lines 553--563
 [][][][] 
 []


LaTeX Warning: Reference `fig:threshold' on page 33 undefined on input line 568
.

[33] [34]
第 7 章
[35

] [36

]
LaTeX Font Info:    Kanji font shape `JY1/mc/m/it' undefined
(Font)              No change on input line 610.
LaTeX Font Info:    Kanji font shape `JY1/mc/m/it' undefined
(Font)              No change on input line 615.
 [37

]
LaTeX Font Info:    Kanji font shape `JY1/mc/m/it' undefined
(Font)              No change on input line 620.
LaTeX Font Info:    Kanji font shape `JY1/mc/m/it' undefined
(Font)              No change on input line 625.
LaTeX Font Info:    Kanji font shape `JY1/mc/m/it' undefined
(Font)              No change on input line 630.
LaTeX Font Info:    Kanji font shape `JY1/mc/m/it' undefined
(Font)              No change on input line 635.
LaTeX Font Info:    Kanji font shape `JY1/mc/m/it' undefined
(Font)              No change on input line 640.
LaTeX Font Info:    Kanji font shape `JY1/mc/m/it' undefined
(Font)              No change on input line 646.
 [38]
LaTeX Font Info:    Kanji font shape `JY1/mc/m/it' undefined
(Font)              No change on input line 651.
LaTeX Font Info:    Kanji font shape `JY1/mc/m/it' undefined
(Font)              No change on input line 656.
LaTeX Font Info:    Kanji font shape `JY1/mc/m/it' undefined
(Font)              No change on input line 665.
LaTeX Font Info:    Kanji font shape `JY1/mc/m/it' undefined
(Font)              No change on input line 679.
 [39]
LaTeX Font Info:    Kanji font shape `JY1/mc/m/it' undefined
(Font)              No change on input line 684.
LaTeX Font Info:    Kanji font shape `JY1/mc/m/it' undefined
(Font)              No change on input line 689.
LaTeX Font Info:    Kanji font shape `JY1/mc/m/it' undefined
(Font)              No change on input line 694.
LaTeX Font Info:    Kanji font shape `JY1/mc/m/it' undefined
(Font)              No change on input line 699.
LaTeX Font Info:    Kanji font shape `JY1/mc/m/it' undefined
(Font)              No change on input line 704.
 [40]
LaTeX Font Info:    Kanji font shape `JY1/mc/m/it' undefined
(Font)              No change on input line 713.
LaTeX Font Info:    Kanji font shape `JY1/mc/m/it' undefined
(Font)              No change on input line 718.
 [41]
付 録 A  
[42

] (./main.aux)

LaTeX Warning: There were undefined references.

 ) 
Here is how much of TeX's memory you used:
 3412 strings out of 480241
 54302 string characters out of 5895801
 348351 words of memory out of 5000000
 21650 multiletter control sequences out of 15000+600000
 486368 words of font info for 97 fonts, out of 8000000 for 9000
 14 hyphenation exceptions out of 8191
 55i,10n,62p,725b,332s stack positions out of 5000i,500n,10000p,200000b,80000s

Output written on main.dvi (49 pages, 82216 bytes).
